<?xml version="1.0" encoding="UTF-8" ?>
<testsuite tests="4" failures="0" name="com.mycompany.calculator.CalculatorTest" time="0.001" errors="0" skipped="0">
  <properties>
[...]
</properties>
  <testcase classname="com.mycompany.calculator.CalculatorTest" name="com.mycompany.calculator.CalculatorTest.testTambah" time="0.001"/>
  <testcase classname="com.mycompany.calculator.CalculatorTest" name="com.mycompany.calculator.CalculatorTest.testKali" time="0"/>
  <testcase classname="com.mycompany.calculator.CalculatorTest" name="com.mycompany.calculator.CalculatorTest.testBagi" time="0"/>
  <testcase classname="com.mycompany.calculator.CalculatorTest" name="com.mycompany.calculator.CalculatorTest.testKurang" time="0"/>
</testsuite>